[2m2021-02-23 14:21:20.469[0;39m [32m INFO[0;39m [35m16752[0;39m [2m---[0;39m [2m[           main][0;39m [36mc.k.adminclient.AdminClientApplication  [0;39m [2m:[0;39m No active profile set, falling back to default profiles: default
[2m2021-02-23 14:21:20.839[0;39m [33m WARN[0;39m [35m16752[0;39m [2m---[0;39m [2m[           main][0;39m [36mo.s.boot.actuate.endpoint.EndpointId    [0;39m [2m:[0;39m Endpoint ID 'service-registry' contains invalid characters, please migrate to a valid format.
[2m2021-02-23 14:21:20.886[0;39m [32m INFO[0;39m [35m16752[0;39m [2m---[0;39m [2m[           main][0;39m [36mo.s.cloud.context.scope.GenericScope    [0;39m [2m:[0;39m BeanFactory id=98d4ac9d-e2b5-313c-969c-5542a1fb877e
[2m2021-02-23 14:21:21.034[0;39m [32m INFO[0;39m [35m16752[0;39m [2m---[0;39m [2m[           main][0;39m [36mo.s.b.w.embedded.tomcat.TomcatWebServer [0;39m [2m:[0;39m Tomcat initialized with port(s): 7019 (http)
[2m2021-02-23 14:21:21.039[0;39m [32m INFO[0;39m [35m16752[0;39m [2m---[0;39m [2m[           main][0;39m [36mo.apache.catalina.core.StandardService  [0;39m [2m:[0;39m Starting service [Tomcat]
[2m2021-02-23 14:21:21.039[0;39m [32m INFO[0;39m [35m16752[0;39m [2m---[0;39m [2m[           main][0;39m [36morg.apache.catalina.core.StandardEngine [0;39m [2m:[0;39m Starting Servlet engine: [Apache Tomcat/9.0.37]
[2m2021-02-23 14:21:21.107[0;39m [32m INFO[0;39m [35m16752[0;39m [2m---[0;39m [2m[           main][0;39m [36mo.a.c.c.C.[Tomcat].[localhost].[/]      [0;39m [2m:[0;39m Initializing Spring embedded WebApplicationContext
[2m2021-02-23 14:21:21.107[0;39m [32m INFO[0;39m [35m16752[0;39m [2m---[0;39m [2m[           main][0;39m [36mw.s.c.ServletWebServerApplicationContext[0;39m [2m:[0;39m Root WebApplicationContext: initialization completed in 629 ms
[2m2021-02-23 14:21:21.213[0;39m [33m WARN[0;39m [35m16752[0;39m [2m---[0;39m [2m[           main][0;39m [36mc.n.c.sources.URLConfigurationSource    [0;39m [2m:[0;39m No URLs will be polled as dynamic configuration sources.
[2m2021-02-23 14:21:21.213[0;39m [32m INFO[0;39m [35m16752[0;39m [2m---[0;39m [2m[           main][0;39m [36mc.n.c.sources.URLConfigurationSource    [0;39m [2m:[0;39m To enable URLs as dynamic configuration sources, define System property archaius.configurationSource.additionalUrls or make config.properties available on classpath.
[2m2021-02-23 14:21:21.215[0;39m [33m WARN[0;39m [35m16752[0;39m [2m---[0;39m [2m[           main][0;39m [36mc.n.c.sources.URLConfigurationSource    [0;39m [2m:[0;39m No URLs will be polled as dynamic configuration sources.
[2m2021-02-23 14:21:21.215[0;39m [32m INFO[0;39m [35m16752[0;39m [2m---[0;39m [2m[           main][0;39m [36mc.n.c.sources.URLConfigurationSource    [0;39m [2m:[0;39m To enable URLs as dynamic configuration sources, define System property archaius.configurationSource.additionalUrls or make config.properties available on classpath.
[2m2021-02-23 14:21:21.315[0;39m [32m INFO[0;39m [35m16752[0;39m [2m---[0;39m [2m[           main][0;39m [36mo.s.s.concurrent.ThreadPoolTaskExecutor [0;39m [2m:[0;39m Initializing ExecutorService 'applicationTaskExecutor'
[2m2021-02-23 14:21:21.462[0;39m [32m INFO[0;39m [35m16752[0;39m [2m---[0;39m [2m[           main][0;39m [36mo.s.s.c.ThreadPoolTaskScheduler         [0;39m [2m:[0;39m Initializing ExecutorService 'Nacos-Watch-Task-Scheduler'
[2m2021-02-23 14:21:21.782[0;39m [32m INFO[0;39m [35m16752[0;39m [2m---[0;39m [2m[           main][0;39m [36mo.s.s.c.ThreadPoolTaskScheduler         [0;39m [2m:[0;39m Initializing ExecutorService
[2m2021-02-23 14:21:21.905[0;39m [32m INFO[0;39m [35m16752[0;39m [2m---[0;39m [2m[           main][0;39m [36mo.s.b.a.e.web.EndpointLinksResolver     [0;39m [2m:[0;39m Exposing 19 endpoint(s) beneath base path '/actuator'
[2m2021-02-23 14:21:22.020[0;39m [32m INFO[0;39m [35m16752[0;39m [2m---[0;39m [2m[           main][0;39m [36mo.s.b.w.embedded.tomcat.TomcatWebServer [0;39m [2m:[0;39m Tomcat started on port(s): 7019 (http) with context path ''
[2m2021-02-23 14:21:22.027[0;39m [32m INFO[0;39m [35m16752[0;39m [2m---[0;39m [2m[           main][0;39m [36mc.a.c.n.registry.NacosServiceRegistry   [0;39m [2m:[0;39m nacos registry, DEFAULT_GROUP admin-client 172.26.104.107:7019 register finished
[2m2021-02-23 14:21:22.107[0;39m [32m INFO[0;39m [35m16752[0;39m [2m---[0;39m [2m[           main][0;39m [36mc.k.adminclient.AdminClientApplication  [0;39m [2m:[0;39m Started AdminClientApplication in 2.265 seconds (JVM running for 2.802)
[2m2021-02-23 14:21:22.178[0;39m [32m INFO[0;39m [35m16752[0;39m [2m---[0;39m [2m[gistrationTask1][0;39m [36md.c.b.a.c.r.ApplicationRegistrator      [0;39m [2m:[0;39m Application registered itself as 20cd8fe3e8bc
[2m2021-02-23 14:21:22.194[0;39m [32m INFO[0;39m [35m16752[0;39m [2m---[0;39m [2m[nio-7019-exec-1][0;39m [36mo.a.c.c.C.[Tomcat].[localhost].[/]      [0;39m [2m:[0;39m Initializing Spring DispatcherServlet 'dispatcherServlet'
[2m2021-02-23 14:21:22.195[0;39m [32m INFO[0;39m [35m16752[0;39m [2m---[0;39m [2m[nio-7019-exec-1][0;39m [36mo.s.web.servlet.DispatcherServlet       [0;39m [2m:[0;39m Initializing Servlet 'dispatcherServlet'
[2m2021-02-23 14:21:22.199[0;39m [32m INFO[0;39m [35m16752[0;39m [2m---[0;39m [2m[nio-7019-exec-1][0;39m [36mo.s.web.servlet.DispatcherServlet       [0;39m [2m:[0;39m Completed initialization in 4 ms
[2m2021-02-23 14:28:37.807[0;39m [33m WARN[0;39m [35m16752[0;39m [2m---[0;39m [2m[      Thread-10][0;39m [36mc.a.nacos.common.notify.NotifyCenter    [0;39m [2m:[0;39m [NotifyCenter] Start destroying Publisher
[2m2021-02-23 14:28:37.807[0;39m [33m WARN[0;39m [35m16752[0;39m [2m---[0;39m [2m[       Thread-4][0;39m [36mc.a.n.common.http.HttpClientBeanHolder  [0;39m [2m:[0;39m [HttpClientBeanHolder] Start destroying common HttpClient
[2m2021-02-23 14:28:37.807[0;39m [33m WARN[0;39m [35m16752[0;39m [2m---[0;39m [2m[      Thread-10][0;39m [36mc.a.nacos.common.notify.NotifyCenter    [0;39m [2m:[0;39m [NotifyCenter] Destruction of the end
[2m2021-02-23 14:28:37.808[0;39m [33m WARN[0;39m [35m16752[0;39m [2m---[0;39m [2m[       Thread-4][0;39m [36mc.a.n.common.http.HttpClientBeanHolder  [0;39m [2m:[0;39m [HttpClientBeanHolder] Destruction of the end
[2m2021-02-23 14:28:37.884[0;39m [32m INFO[0;39m [35m16752[0;39m [2m---[0;39m [2m[extShutdownHook][0;39m [36mo.s.s.c.ThreadPoolTaskScheduler         [0;39m [2m:[0;39m Shutting down ExecutorService 'Nacos-Watch-Task-Scheduler'
[2m2021-02-23 14:28:37.887[0;39m [32m INFO[0;39m [35m16752[0;39m [2m---[0;39m [2m[extShutdownHook][0;39m [36mo.s.s.c.ThreadPoolTaskScheduler         [0;39m [2m:[0;39m Shutting down ExecutorService
[2m2021-02-23 14:28:37.888[0;39m [32m INFO[0;39m [35m16752[0;39m [2m---[0;39m [2m[extShutdownHook][0;39m [36mc.a.c.n.registry.NacosServiceRegistry   [0;39m [2m:[0;39m De-registering from Nacos Server now...
[2m2021-02-23 14:28:37.891[0;39m [32m INFO[0;39m [35m16752[0;39m [2m---[0;39m [2m[extShutdownHook][0;39m [36mc.a.c.n.registry.NacosServiceRegistry   [0;39m [2m:[0;39m De-registration finished.
[2m2021-02-23 14:28:46.135[0;39m [33m WARN[0;39m [35m16752[0;39m [2m---[0;39m [2m[extShutdownHook][0;39m [36mo.s.b.f.support.DisposableBeanAdapter   [0;39m [2m:[0;39m Destroy method 'close' on bean with name 'nacosServiceRegistry' threw an exception: java.lang.NullPointerException
[2m2021-02-23 14:28:46.136[0;39m [32m INFO[0;39m [35m16752[0;39m [2m---[0;39m [2m[extShutdownHook][0;39m [36mo.s.s.concurrent.ThreadPoolTaskExecutor [0;39m [2m:[0;39m Shutting down ExecutorService 'applicationTaskExecutor'
[2m2021-02-23 14:29:14.579[0;39m [32m INFO[0;39m [35m15260[0;39m [2m---[0;39m [2m[           main][0;39m [36mc.k.adminclient.AdminClientApplication  [0;39m [2m:[0;39m No active profile set, falling back to default profiles: default
[2m2021-02-23 14:29:14.945[0;39m [33m WARN[0;39m [35m15260[0;39m [2m---[0;39m [2m[           main][0;39m [36mo.s.boot.actuate.endpoint.EndpointId    [0;39m [2m:[0;39m Endpoint ID 'service-registry' contains invalid characters, please migrate to a valid format.
[2m2021-02-23 14:29:15.002[0;39m [32m INFO[0;39m [35m15260[0;39m [2m---[0;39m [2m[           main][0;39m [36mo.s.cloud.context.scope.GenericScope    [0;39m [2m:[0;39m BeanFactory id=98d4ac9d-e2b5-313c-969c-5542a1fb877e
[2m2021-02-23 14:29:15.128[0;39m [32m INFO[0;39m [35m15260[0;39m [2m---[0;39m [2m[           main][0;39m [36mo.s.b.w.embedded.tomcat.TomcatWebServer [0;39m [2m:[0;39m Tomcat initialized with port(s): 7019 (http)
[2m2021-02-23 14:29:15.133[0;39m [32m INFO[0;39m [35m15260[0;39m [2m---[0;39m [2m[           main][0;39m [36mo.apache.catalina.core.StandardService  [0;39m [2m:[0;39m Starting service [Tomcat]
[2m2021-02-23 14:29:15.134[0;39m [32m INFO[0;39m [35m15260[0;39m [2m---[0;39m [2m[           main][0;39m [36morg.apache.catalina.core.StandardEngine [0;39m [2m:[0;39m Starting Servlet engine: [Apache Tomcat/9.0.37]
[2m2021-02-23 14:29:15.201[0;39m [32m INFO[0;39m [35m15260[0;39m [2m---[0;39m [2m[           main][0;39m [36mo.a.c.c.C.[Tomcat].[localhost].[/]      [0;39m [2m:[0;39m Initializing Spring embedded WebApplicationContext
[2m2021-02-23 14:29:15.201[0;39m [32m INFO[0;39m [35m15260[0;39m [2m---[0;39m [2m[           main][0;39m [36mw.s.c.ServletWebServerApplicationContext[0;39m [2m:[0;39m Root WebApplicationContext: initialization completed in 613 ms
[2m2021-02-23 14:29:15.307[0;39m [33m WARN[0;39m [35m15260[0;39m [2m---[0;39m [2m[           main][0;39m [36mc.n.c.sources.URLConfigurationSource    [0;39m [2m:[0;39m No URLs will be polled as dynamic configuration sources.
[2m2021-02-23 14:29:15.307[0;39m [32m INFO[0;39m [35m15260[0;39m [2m---[0;39m [2m[           main][0;39m [36mc.n.c.sources.URLConfigurationSource    [0;39m [2m:[0;39m To enable URLs as dynamic configuration sources, define System property archaius.configurationSource.additionalUrls or make config.properties available on classpath.
[2m2021-02-23 14:29:15.309[0;39m [33m WARN[0;39m [35m15260[0;39m [2m---[0;39m [2m[           main][0;39m [36mc.n.c.sources.URLConfigurationSource    [0;39m [2m:[0;39m No URLs will be polled as dynamic configuration sources.
[2m2021-02-23 14:29:15.309[0;39m [32m INFO[0;39m [35m15260[0;39m [2m---[0;39m [2m[           main][0;39m [36mc.n.c.sources.URLConfigurationSource    [0;39m [2m:[0;39m To enable URLs as dynamic configuration sources, define System property archaius.configurationSource.additionalUrls or make config.properties available on classpath.
[2m2021-02-23 14:29:15.405[0;39m [32m INFO[0;39m [35m15260[0;39m [2m---[0;39m [2m[           main][0;39m [36mo.s.s.concurrent.ThreadPoolTaskExecutor [0;39m [2m:[0;39m Initializing ExecutorService 'applicationTaskExecutor'
[2m2021-02-23 14:29:15.552[0;39m [32m INFO[0;39m [35m15260[0;39m [2m---[0;39m [2m[           main][0;39m [36mo.s.s.c.ThreadPoolTaskScheduler         [0;39m [2m:[0;39m Initializing ExecutorService 'Nacos-Watch-Task-Scheduler'
[2m2021-02-23 14:29:15.850[0;39m [32m INFO[0;39m [35m15260[0;39m [2m---[0;39m [2m[           main][0;39m [36mo.s.s.c.ThreadPoolTaskScheduler         [0;39m [2m:[0;39m Initializing ExecutorService
[2m2021-02-23 14:29:15.970[0;39m [32m INFO[0;39m [35m15260[0;39m [2m---[0;39m [2m[           main][0;39m [36mo.s.b.a.e.web.EndpointLinksResolver     [0;39m [2m:[0;39m Exposing 19 endpoint(s) beneath base path '/actuator'
[2m2021-02-23 14:29:16.082[0;39m [32m INFO[0;39m [35m15260[0;39m [2m---[0;39m [2m[           main][0;39m [36mo.s.b.w.embedded.tomcat.TomcatWebServer [0;39m [2m:[0;39m Tomcat started on port(s): 7019 (http) with context path ''
[2m2021-02-23 14:29:16.089[0;39m [32m INFO[0;39m [35m15260[0;39m [2m---[0;39m [2m[           main][0;39m [36mc.a.c.n.registry.NacosServiceRegistry   [0;39m [2m:[0;39m nacos registry, DEFAULT_GROUP admin-client 172.26.104.107:7019 register finished
[2m2021-02-23 14:29:16.169[0;39m [32m INFO[0;39m [35m15260[0;39m [2m---[0;39m [2m[           main][0;39m [36mc.k.adminclient.AdminClientApplication  [0;39m [2m:[0;39m Started AdminClientApplication in 2.16 seconds (JVM running for 2.868)
[2m2021-02-23 14:29:16.241[0;39m [32m INFO[0;39m [35m15260[0;39m [2m---[0;39m [2m[gistrationTask1][0;39m [36md.c.b.a.c.r.ApplicationRegistrator      [0;39m [2m:[0;39m Application registered itself as 20cd8fe3e8bc
[2m2021-02-23 14:29:16.263[0;39m [32m INFO[0;39m [35m15260[0;39m [2m---[0;39m [2m[nio-7019-exec-1][0;39m [36mo.a.c.c.C.[Tomcat].[localhost].[/]      [0;39m [2m:[0;39m Initializing Spring DispatcherServlet 'dispatcherServlet'
[2m2021-02-23 14:29:16.263[0;39m [32m INFO[0;39m [35m15260[0;39m [2m---[0;39m [2m[nio-7019-exec-1][0;39m [36mo.s.web.servlet.DispatcherServlet       [0;39m [2m:[0;39m Initializing Servlet 'dispatcherServlet'
[2m2021-02-23 14:29:16.267[0;39m [32m INFO[0;39m [35m15260[0;39m [2m---[0;39m [2m[nio-7019-exec-1][0;39m [36mo.s.web.servlet.DispatcherServlet       [0;39m [2m:[0;39m Completed initialization in 4 ms
[2m2021-02-23 14:33:23.118[0;39m [33m WARN[0;39m [35m15260[0;39m [2m---[0;39m [2m[       Thread-4][0;39m [36mc.a.n.common.http.HttpClientBeanHolder  [0;39m [2m:[0;39m [HttpClientBeanHolder] Start destroying common HttpClient
[2m2021-02-23 14:33:23.118[0;39m [33m WARN[0;39m [35m15260[0;39m [2m---[0;39m [2m[      Thread-10][0;39m [36mc.a.nacos.common.notify.NotifyCenter    [0;39m [2m:[0;39m [NotifyCenter] Start destroying Publisher
[2m2021-02-23 14:33:23.118[0;39m [33m WARN[0;39m [35m15260[0;39m [2m---[0;39m [2m[      Thread-10][0;39m [36mc.a.nacos.common.notify.NotifyCenter    [0;39m [2m:[0;39m [NotifyCenter] Destruction of the end
[2m2021-02-23 14:33:23.118[0;39m [33m WARN[0;39m [35m15260[0;39m [2m---[0;39m [2m[       Thread-4][0;39m [36mc.a.n.common.http.HttpClientBeanHolder  [0;39m [2m:[0;39m [HttpClientBeanHolder] Destruction of the end
[2m2021-02-23 14:33:23.185[0;39m [32m INFO[0;39m [35m15260[0;39m [2m---[0;39m [2m[extShutdownHook][0;39m [36mo.s.s.c.ThreadPoolTaskScheduler         [0;39m [2m:[0;39m Shutting down ExecutorService 'Nacos-Watch-Task-Scheduler'
[2m2021-02-23 14:33:23.188[0;39m [32m INFO[0;39m [35m15260[0;39m [2m---[0;39m [2m[extShutdownHook][0;39m [36mo.s.s.c.ThreadPoolTaskScheduler         [0;39m [2m:[0;39m Shutting down ExecutorService
[2m2021-02-23 14:33:23.188[0;39m [32m INFO[0;39m [35m15260[0;39m [2m---[0;39m [2m[extShutdownHook][0;39m [36mc.a.c.n.registry.NacosServiceRegistry   [0;39m [2m:[0;39m De-registering from Nacos Server now...
[2m2021-02-23 14:33:23.189[0;39m [32m INFO[0;39m [35m15260[0;39m [2m---[0;39m [2m[extShutdownHook][0;39m [36mc.a.c.n.registry.NacosServiceRegistry   [0;39m [2m:[0;39m De-registration finished.
[2m2021-02-23 14:33:30.150[0;39m [33m WARN[0;39m [35m15260[0;39m [2m---[0;39m [2m[extShutdownHook][0;39m [36mo.s.b.f.support.DisposableBeanAdapter   [0;39m [2m:[0;39m Destroy method 'close' on bean with name 'nacosServiceRegistry' threw an exception: java.lang.NullPointerException
[2m2021-02-23 14:33:30.150[0;39m [32m INFO[0;39m [35m15260[0;39m [2m---[0;39m [2m[extShutdownHook][0;39m [36mo.s.s.concurrent.ThreadPoolTaskExecutor [0;39m [2m:[0;39m Shutting down ExecutorService 'applicationTaskExecutor'
[2m2021-02-23 14:33:44.726[0;39m [32m INFO[0;39m [35m17172[0;39m [2m---[0;39m [2m[           main][0;39m [36mc.k.adminclient.AdminClientApplication  [0;39m [2m:[0;39m No active profile set, falling back to default profiles: default
[2m2021-02-23 14:33:45.092[0;39m [33m WARN[0;39m [35m17172[0;39m [2m---[0;39m [2m[           main][0;39m [36mo.s.boot.actuate.endpoint.EndpointId    [0;39m [2m:[0;39m Endpoint ID 'service-registry' contains invalid characters, please migrate to a valid format.
[2m2021-02-23 14:33:45.145[0;39m [32m INFO[0;39m [35m17172[0;39m [2m---[0;39m [2m[           main][0;39m [36mo.s.cloud.context.scope.GenericScope    [0;39m [2m:[0;39m BeanFactory id=98d4ac9d-e2b5-313c-969c-5542a1fb877e
[2m2021-02-23 14:33:45.279[0;39m [32m INFO[0;39m [35m17172[0;39m [2m---[0;39m [2m[           main][0;39m [36mo.s.b.w.embedded.tomcat.TomcatWebServer [0;39m [2m:[0;39m Tomcat initialized with port(s): 7019 (http)
[2m2021-02-23 14:33:45.284[0;39m [32m INFO[0;39m [35m17172[0;39m [2m---[0;39m [2m[           main][0;39m [36mo.apache.catalina.core.StandardService  [0;39m [2m:[0;39m Starting service [Tomcat]
[2m2021-02-23 14:33:45.284[0;39m [32m INFO[0;39m [35m17172[0;39m [2m---[0;39m [2m[           main][0;39m [36morg.apache.catalina.core.StandardEngine [0;39m [2m:[0;39m Starting Servlet engine: [Apache Tomcat/9.0.37]
[2m2021-02-23 14:33:45.352[0;39m [32m INFO[0;39m [35m17172[0;39m [2m---[0;39m [2m[           main][0;39m [36mo.a.c.c.C.[Tomcat].[localhost].[/]      [0;39m [2m:[0;39m Initializing Spring embedded WebApplicationContext
[2m2021-02-23 14:33:45.352[0;39m [32m INFO[0;39m [35m17172[0;39m [2m---[0;39m [2m[           main][0;39m [36mw.s.c.ServletWebServerApplicationContext[0;39m [2m:[0;39m Root WebApplicationContext: initialization completed in 616 ms
[2m2021-02-23 14:33:45.453[0;39m [33m WARN[0;39m [35m17172[0;39m [2m---[0;39m [2m[           main][0;39m [36mc.n.c.sources.URLConfigurationSource    [0;39m [2m:[0;39m No URLs will be polled as dynamic configuration sources.
[2m2021-02-23 14:33:45.453[0;39m [32m INFO[0;39m [35m17172[0;39m [2m---[0;39m [2m[           main][0;39m [36mc.n.c.sources.URLConfigurationSource    [0;39m [2m:[0;39m To enable URLs as dynamic configuration sources, define System property archaius.configurationSource.additionalUrls or make config.properties available on classpath.
[2m2021-02-23 14:33:45.455[0;39m [33m WARN[0;39m [35m17172[0;39m [2m---[0;39m [2m[           main][0;39m [36mc.n.c.sources.URLConfigurationSource    [0;39m [2m:[0;39m No URLs will be polled as dynamic configuration sources.
[2m2021-02-23 14:33:45.455[0;39m [32m INFO[0;39m [35m17172[0;39m [2m---[0;39m [2m[           main][0;39m [36mc.n.c.sources.URLConfigurationSource    [0;39m [2m:[0;39m To enable URLs as dynamic configuration sources, define System property archaius.configurationSource.additionalUrls or make config.properties available on classpath.
[2m2021-02-23 14:33:45.548[0;39m [32m INFO[0;39m [35m17172[0;39m [2m---[0;39m [2m[           main][0;39m [36mo.s.s.concurrent.ThreadPoolTaskExecutor [0;39m [2m:[0;39m Initializing ExecutorService 'applicationTaskExecutor'
[2m2021-02-23 14:33:45.696[0;39m [32m INFO[0;39m [35m17172[0;39m [2m---[0;39m [2m[           main][0;39m [36mo.s.s.c.ThreadPoolTaskScheduler         [0;39m [2m:[0;39m Initializing ExecutorService 'Nacos-Watch-Task-Scheduler'
[2m2021-02-23 14:33:45.972[0;39m [32m INFO[0;39m [35m17172[0;39m [2m---[0;39m [2m[           main][0;39m [36mo.s.s.c.ThreadPoolTaskScheduler         [0;39m [2m:[0;39m Initializing ExecutorService
[2m2021-02-23 14:33:46.092[0;39m [32m INFO[0;39m [35m17172[0;39m [2m---[0;39m [2m[           main][0;39m [36mo.s.b.a.e.web.EndpointLinksResolver     [0;39m [2m:[0;39m Exposing 19 endpoint(s) beneath base path '/actuator'
[2m2021-02-23 14:33:46.206[0;39m [32m INFO[0;39m [35m17172[0;39m [2m---[0;39m [2m[           main][0;39m [36mo.s.b.w.embedded.tomcat.TomcatWebServer [0;39m [2m:[0;39m Tomcat started on port(s): 7019 (http) with context path ''
[2m2021-02-23 14:33:46.214[0;39m [32m INFO[0;39m [35m17172[0;39m [2m---[0;39m [2m[           main][0;39m [36mc.a.c.n.registry.NacosServiceRegistry   [0;39m [2m:[0;39m nacos registry, DEFAULT_GROUP admin-client 172.26.104.107:7019 register finished
[2m2021-02-23 14:33:46.294[0;39m [32m INFO[0;39m [35m17172[0;39m [2m---[0;39m [2m[           main][0;39m [36mc.k.adminclient.AdminClientApplication  [0;39m [2m:[0;39m Started AdminClientApplication in 2.239 seconds (JVM running for 2.768)
[2m2021-02-23 14:33:46.536[0;39m [32m INFO[0;39m [35m17172[0;39m [2m---[0;39m [2m[gistrationTask1][0;39m [36md.c.b.a.c.r.ApplicationRegistrator      [0;39m [2m:[0;39m Application registered itself as 20cd8fe3e8bc
[2m2021-02-23 14:33:46.590[0;39m [32m INFO[0;39m [35m17172[0;39m [2m---[0;39m [2m[nio-7019-exec-1][0;39m [36mo.a.c.c.C.[Tomcat].[localhost].[/]      [0;39m [2m:[0;39m Initializing Spring DispatcherServlet 'dispatcherServlet'
[2m2021-02-23 14:33:46.590[0;39m [32m INFO[0;39m [35m17172[0;39m [2m---[0;39m [2m[nio-7019-exec-1][0;39m [36mo.s.web.servlet.DispatcherServlet       [0;39m [2m:[0;39m Initializing Servlet 'dispatcherServlet'
[2m2021-02-23 14:33:46.595[0;39m [32m INFO[0;39m [35m17172[0;39m [2m---[0;39m [2m[nio-7019-exec-1][0;39m [36mo.s.web.servlet.DispatcherServlet       [0;39m [2m:[0;39m Completed initialization in 5 ms
[2m2021-02-23 14:35:08.946[0;39m [33m WARN[0;39m [35m17172[0;39m [2m---[0;39m [2m[      Thread-10][0;39m [36mc.a.nacos.common.notify.NotifyCenter    [0;39m [2m:[0;39m [NotifyCenter] Start destroying Publisher
[2m2021-02-23 14:35:08.946[0;39m [33m WARN[0;39m [35m17172[0;39m [2m---[0;39m [2m[       Thread-4][0;39m [36mc.a.n.common.http.HttpClientBeanHolder  [0;39m [2m:[0;39m [HttpClientBeanHolder] Start destroying common HttpClient
[2m2021-02-23 14:35:08.946[0;39m [33m WARN[0;39m [35m17172[0;39m [2m---[0;39m [2m[      Thread-10][0;39m [36mc.a.nacos.common.notify.NotifyCenter    [0;39m [2m:[0;39m [NotifyCenter] Destruction of the end
[2m2021-02-23 14:35:08.946[0;39m [33m WARN[0;39m [35m17172[0;39m [2m---[0;39m [2m[       Thread-4][0;39m [36mc.a.n.common.http.HttpClientBeanHolder  [0;39m [2m:[0;39m [HttpClientBeanHolder] Destruction of the end
[2m2021-02-23 14:35:09.013[0;39m [32m INFO[0;39m [35m17172[0;39m [2m---[0;39m [2m[extShutdownHook][0;39m [36mo.s.s.c.ThreadPoolTaskScheduler         [0;39m [2m:[0;39m Shutting down ExecutorService 'Nacos-Watch-Task-Scheduler'
[2m2021-02-23 14:35:09.015[0;39m [32m INFO[0;39m [35m17172[0;39m [2m---[0;39m [2m[extShutdownHook][0;39m [36mo.s.s.c.ThreadPoolTaskScheduler         [0;39m [2m:[0;39m Shutting down ExecutorService
[2m2021-02-23 14:35:09.016[0;39m [32m INFO[0;39m [35m17172[0;39m [2m---[0;39m [2m[extShutdownHook][0;39m [36mc.a.c.n.registry.NacosServiceRegistry   [0;39m [2m:[0;39m De-registering from Nacos Server now...
[2m2021-02-23 14:35:09.017[0;39m [32m INFO[0;39m [35m17172[0;39m [2m---[0;39m [2m[extShutdownHook][0;39m [36mc.a.c.n.registry.NacosServiceRegistry   [0;39m [2m:[0;39m De-registration finished.
[2m2021-02-23 14:35:17.257[0;39m [33m WARN[0;39m [35m17172[0;39m [2m---[0;39m [2m[extShutdownHook][0;39m [36mo.s.b.f.support.DisposableBeanAdapter   [0;39m [2m:[0;39m Destroy method 'close' on bean with name 'nacosServiceRegistry' threw an exception: java.lang.NullPointerException
[2m2021-02-23 14:35:17.257[0;39m [32m INFO[0;39m [35m17172[0;39m [2m---[0;39m [2m[extShutdownHook][0;39m [36mo.s.s.concurrent.ThreadPoolTaskExecutor [0;39m [2m:[0;39m Shutting down ExecutorService 'applicationTaskExecutor'
[2m2021-02-23 15:34:07.660[0;39m [32m INFO[0;39m [35m2552[0;39m [2m---[0;39m [2m[           main][0;39m [36mc.k.adminclient.AdminClientApplication  [0;39m [2m:[0;39m No active profile set, falling back to default profiles: default
[2m2021-02-23 15:34:08.015[0;39m [33m WARN[0;39m [35m2552[0;39m [2m---[0;39m [2m[           main][0;39m [36mo.s.boot.actuate.endpoint.EndpointId    [0;39m [2m:[0;39m Endpoint ID 'service-registry' contains invalid characters, please migrate to a valid format.
[2m2021-02-23 15:34:08.060[0;39m [32m INFO[0;39m [35m2552[0;39m [2m---[0;39m [2m[           main][0;39m [36mo.s.cloud.context.scope.GenericScope    [0;39m [2m:[0;39m BeanFactory id=98d4ac9d-e2b5-313c-969c-5542a1fb877e
[2m2021-02-23 15:34:08.174[0;39m [32m INFO[0;39m [35m2552[0;39m [2m---[0;39m [2m[           main][0;39m [36mo.s.b.w.embedded.tomcat.TomcatWebServer [0;39m [2m:[0;39m Tomcat initialized with port(s): 7019 (http)
[2m2021-02-23 15:34:08.179[0;39m [32m INFO[0;39m [35m2552[0;39m [2m---[0;39m [2m[           main][0;39m [36mo.apache.catalina.core.StandardService  [0;39m [2m:[0;39m Starting service [Tomcat]
[2m2021-02-23 15:34:08.179[0;39m [32m INFO[0;39m [35m2552[0;39m [2m---[0;39m [2m[           main][0;39m [36morg.apache.catalina.core.StandardEngine [0;39m [2m:[0;39m Starting Servlet engine: [Apache Tomcat/9.0.37]
[2m2021-02-23 15:34:08.243[0;39m [32m INFO[0;39m [35m2552[0;39m [2m---[0;39m [2m[           main][0;39m [36mo.a.c.c.C.[Tomcat].[localhost].[/]      [0;39m [2m:[0;39m Initializing Spring embedded WebApplicationContext
[2m2021-02-23 15:34:08.243[0;39m [32m INFO[0;39m [35m2552[0;39m [2m---[0;39m [2m[           main][0;39m [36mw.s.c.ServletWebServerApplicationContext[0;39m [2m:[0;39m Root WebApplicationContext: initialization completed in 575 ms
[2m2021-02-23 15:34:08.346[0;39m [33m WARN[0;39m [35m2552[0;39m [2m---[0;39m [2m[           main][0;39m [36mc.n.c.sources.URLConfigurationSource    [0;39m [2m:[0;39m No URLs will be polled as dynamic configuration sources.
[2m2021-02-23 15:34:08.346[0;39m [32m INFO[0;39m [35m2552[0;39m [2m---[0;39m [2m[           main][0;39m [36mc.n.c.sources.URLConfigurationSource    [0;39m [2m:[0;39m To enable URLs as dynamic configuration sources, define System property archaius.configurationSource.additionalUrls or make config.properties available on classpath.
[2m2021-02-23 15:34:08.348[0;39m [33m WARN[0;39m [35m2552[0;39m [2m---[0;39m [2m[           main][0;39m [36mc.n.c.sources.URLConfigurationSource    [0;39m [2m:[0;39m No URLs will be polled as dynamic configuration sources.
[2m2021-02-23 15:34:08.349[0;39m [32m INFO[0;39m [35m2552[0;39m [2m---[0;39m [2m[           main][0;39m [36mc.n.c.sources.URLConfigurationSource    [0;39m [2m:[0;39m To enable URLs as dynamic configuration sources, define System property archaius.configurationSource.additionalUrls or make config.properties available on classpath.
[2m2021-02-23 15:34:08.433[0;39m [32m INFO[0;39m [35m2552[0;39m [2m---[0;39m [2m[           main][0;39m [36mo.s.s.concurrent.ThreadPoolTaskExecutor [0;39m [2m:[0;39m Initializing ExecutorService 'applicationTaskExecutor'
[2m2021-02-23 15:34:08.566[0;39m [32m INFO[0;39m [35m2552[0;39m [2m---[0;39m [2m[           main][0;39m [36mo.s.s.c.ThreadPoolTaskScheduler         [0;39m [2m:[0;39m Initializing ExecutorService 'Nacos-Watch-Task-Scheduler'
[2m2021-02-23 15:34:08.801[0;39m [32m INFO[0;39m [35m2552[0;39m [2m---[0;39m [2m[           main][0;39m [36mo.s.s.c.ThreadPoolTaskScheduler         [0;39m [2m:[0;39m Initializing ExecutorService
[2m2021-02-23 15:34:08.916[0;39m [32m INFO[0;39m [35m2552[0;39m [2m---[0;39m [2m[           main][0;39m [36mo.s.b.a.e.web.EndpointLinksResolver     [0;39m [2m:[0;39m Exposing 19 endpoint(s) beneath base path '/actuator'
[2m2021-02-23 15:34:09.023[0;39m [32m INFO[0;39m [35m2552[0;39m [2m---[0;39m [2m[           main][0;39m [36mo.s.b.w.embedded.tomcat.TomcatWebServer [0;39m [2m:[0;39m Tomcat started on port(s): 7019 (http) with context path ''
[2m2021-02-23 15:34:09.028[0;39m [32m INFO[0;39m [35m2552[0;39m [2m---[0;39m [2m[           main][0;39m [36mc.a.c.n.registry.NacosServiceRegistry   [0;39m [2m:[0;39m nacos registry, DEFAULT_GROUP admin-client 172.26.104.107:7019 register finished
[2m2021-02-23 15:34:09.109[0;39m [32m INFO[0;39m [35m2552[0;39m [2m---[0;39m [2m[           main][0;39m [36mc.k.adminclient.AdminClientApplication  [0;39m [2m:[0;39m Started AdminClientApplication in 1.988 seconds (JVM running for 2.463)
[2m2021-02-23 15:34:09.143[0;39m [32m INFO[0;39m [35m2552[0;39m [2m---[0;39m [2m[nio-7019-exec-1][0;39m [36mo.a.c.c.C.[Tomcat].[localhost].[/]      [0;39m [2m:[0;39m Initializing Spring DispatcherServlet 'dispatcherServlet'
[2m2021-02-23 15:34:09.145[0;39m [32m INFO[0;39m [35m2552[0;39m [2m---[0;39m [2m[nio-7019-exec-1][0;39m [36mo.s.web.servlet.DispatcherServlet       [0;39m [2m:[0;39m Initializing Servlet 'dispatcherServlet'
[2m2021-02-23 15:34:09.148[0;39m [32m INFO[0;39m [35m2552[0;39m [2m---[0;39m [2m[nio-7019-exec-1][0;39m [36mo.s.web.servlet.DispatcherServlet       [0;39m [2m:[0;39m Completed initialization in 3 ms
[2m2021-02-23 15:34:09.174[0;39m [32m INFO[0;39m [35m2552[0;39m [2m---[0;39m [2m[gistrationTask1][0;39m [36md.c.b.a.c.r.ApplicationRegistrator      [0;39m [2m:[0;39m Application registered itself as 20cd8fe3e8bc
[2m2021-02-23 15:47:30.723[0;39m [32m INFO[0;39m [35m16628[0;39m [2m---[0;39m [2m[           main][0;39m [36mc.k.apigateway.ApiGatewayApplication    [0;39m [2m:[0;39m No active profile set, falling back to default profiles: default
[2m2021-02-23 15:47:31.110[0;39m [33m WARN[0;39m [35m16628[0;39m [2m---[0;39m [2m[           main][0;39m [36mo.s.boot.actuate.endpoint.EndpointId    [0;39m [2m:[0;39m Endpoint ID 'service-registry' contains invalid characters, please migrate to a valid format.
[2m2021-02-23 15:47:31.156[0;39m [32m INFO[0;39m [35m16628[0;39m [2m---[0;39m [2m[           main][0;39m [36mo.s.cloud.context.scope.GenericScope    [0;39m [2m:[0;39m BeanFactory id=b7119cda-3e78-37a8-a687-3d5cf66c9d81
[2m2021-02-23 15:47:31.168[0;39m [32m INFO[0;39m [35m16628[0;39m [2m---[0;39m [2m[           main][0;39m [36mtrationDelegate$BeanPostProcessorChecker[0;39m [2m:[0;39m Bean 'org.springframework.cloud.client.loadbalancer.reactive.LoadBalancerBeanPostProcessorAutoConfiguration' of type [org.springframework.cloud.client.loadbalancer.reactive.LoadBalancerBeanPostProcessorAutoConfiguration] is not eligible for getting processed by all BeanPostProcessors (for example: not eligible for auto-proxying)
[2m2021-02-23 15:47:31.170[0;39m [32m INFO[0;39m [35m16628[0;39m [2m---[0;39m [2m[           main][0;39m [36mtrationDelegate$BeanPostProcessorChecker[0;39m [2m:[0;39m Bean 'org.springframework.cloud.client.loadbalancer.reactive.LoadBalancerBeanPostProcessorAutoConfiguration$ReactiveLoadBalancerConfig' of type [org.springframework.cloud.client.loadbalancer.reactive.LoadBalancerBeanPostProcessorAutoConfiguration$ReactiveLoadBalancerConfig] is not eligible for getting processed by all BeanPostProcessors (for example: not eligible for auto-proxying)
[2m2021-02-23 15:47:31.170[0;39m [32m INFO[0;39m [35m16628[0;39m [2m---[0;39m [2m[           main][0;39m [36mtrationDelegate$BeanPostProcessorChecker[0;39m [2m:[0;39m Bean 'deferringLoadBalancerExchangeFilterFunction' of type [org.springframework.cloud.client.loadbalancer.reactive.DeferringLoadBalancerExchangeFilterFunction] is not eligible for getting processed by all BeanPostProcessors (for example: not eligible for auto-proxying)
[2m2021-02-23 15:47:31.246[0;39m [33m WARN[0;39m [35m16628[0;39m [2m---[0;39m [2m[           main][0;39m [36mc.n.c.sources.URLConfigurationSource    [0;39m [2m:[0;39m No URLs will be polled as dynamic configuration sources.
[2m2021-02-23 15:47:31.246[0;39m [32m INFO[0;39m [35m16628[0;39m [2m---[0;39m [2m[           main][0;39m [36mc.n.c.sources.URLConfigurationSource    [0;39m [2m:[0;39m To enable URLs as dynamic configuration sources, define System property archaius.configurationSource.additionalUrls or make config.properties available on classpath.
[2m2021-02-23 15:47:31.248[0;39m [33m WARN[0;39m [35m16628[0;39m [2m---[0;39m [2m[           main][0;39m [36mc.n.c.sources.URLConfigurationSource    [0;39m [2m:[0;39m No URLs will be polled as dynamic configuration sources.
[2m2021-02-23 15:47:31.248[0;39m [32m INFO[0;39m [35m16628[0;39m [2m---[0;39m [2m[           main][0;39m [36mc.n.c.sources.URLConfigurationSource    [0;39m [2m:[0;39m To enable URLs as dynamic configuration sources, define System property archaius.configurationSource.additionalUrls or make config.properties available on classpath.
[2m2021-02-23 15:47:31.749[0;39m [32m INFO[0;39m [35m16628[0;39m [2m---[0;39m [2m[           main][0;39m [36mo.s.c.g.r.RouteDefinitionRouteLocator   [0;39m [2m:[0;39m Loaded RoutePredicateFactory [After]
[2m2021-02-23 15:47:31.749[0;39m [32m INFO[0;39m [35m16628[0;39m [2m---[0;39m [2m[           main][0;39m [36mo.s.c.g.r.RouteDefinitionRouteLocator   [0;39m [2m:[0;39m Loaded RoutePredicateFactory [Before]
[2m2021-02-23 15:47:31.749[0;39m [32m INFO[0;39m [35m16628[0;39m [2m---[0;39m [2m[           main][0;39m [36mo.s.c.g.r.RouteDefinitionRouteLocator   [0;39m [2m:[0;39m Loaded RoutePredicateFactory [Between]
[2m2021-02-23 15:47:31.749[0;39m [32m INFO[0;39m [35m16628[0;39m [2m---[0;39m [2m[           main][0;39m [36mo.s.c.g.r.RouteDefinitionRouteLocator   [0;39m [2m:[0;39m Loaded RoutePredicateFactory [Cookie]
[2m2021-02-23 15:47:31.749[0;39m [32m INFO[0;39m [35m16628[0;39m [2m---[0;39m [2m[           main][0;39m [36mo.s.c.g.r.RouteDefinitionRouteLocator   [0;39m [2m:[0;39m Loaded RoutePredicateFactory [Header]
[2m2021-02-23 15:47:31.749[0;39m [32m INFO[0;39m [35m16628[0;39m [2m---[0;39m [2m[           main][0;39m [36mo.s.c.g.r.RouteDefinitionRouteLocator   [0;39m [2m:[0;39m Loaded RoutePredicateFactory [Host]
[2m2021-02-23 15:47:31.749[0;39m [32m INFO[0;39m [35m16628[0;39m [2m---[0;39m [2m[           main][0;39m [36mo.s.c.g.r.RouteDefinitionRouteLocator   [0;39m [2m:[0;39m Loaded RoutePredicateFactory [Method]
[2m2021-02-23 15:47:31.749[0;39m [32m INFO[0;39m [35m16628[0;39m [2m---[0;39m [2m[           main][0;39m [36mo.s.c.g.r.RouteDefinitionRouteLocator   [0;39m [2m:[0;39m Loaded RoutePredicateFactory [Path]
[2m2021-02-23 15:47:31.749[0;39m [32m INFO[0;39m [35m16628[0;39m [2m---[0;39m [2m[           main][0;39m [36mo.s.c.g.r.RouteDefinitionRouteLocator   [0;39m [2m:[0;39m Loaded RoutePredicateFactory [Query]
[2m2021-02-23 15:47:31.750[0;39m [32m INFO[0;39m [35m16628[0;39m [2m---[0;39m [2m[           main][0;39m [36mo.s.c.g.r.RouteDefinitionRouteLocator   [0;39m [2m:[0;39m Loaded RoutePredicateFactory [ReadBodyPredicateFactory]
[2m2021-02-23 15:47:31.750[0;39m [32m INFO[0;39m [35m16628[0;39m [2m---[0;39m [2m[           main][0;39m [36mo.s.c.g.r.RouteDefinitionRouteLocator   [0;39m [2m:[0;39m Loaded RoutePredicateFactory [RemoteAddr]
[2m2021-02-23 15:47:31.750[0;39m [32m INFO[0;39m [35m16628[0;39m [2m---[0;39m [2m[           main][0;39m [36mo.s.c.g.r.RouteDefinitionRouteLocator   [0;39m [2m:[0;39m Loaded RoutePredicateFactory [Weight]
[2m2021-02-23 15:47:31.750[0;39m [32m INFO[0;39m [35m16628[0;39m [2m---[0;39m [2m[           main][0;39m [36mo.s.c.g.r.RouteDefinitionRouteLocator   [0;39m [2m:[0;39m Loaded RoutePredicateFactory [CloudFoundryRouteService]
[2m2021-02-23 15:47:32.003[0;39m [32m INFO[0;39m [35m16628[0;39m [2m---[0;39m [2m[           main][0;39m [36mo.s.b.a.e.web.EndpointLinksResolver     [0;39m [2m:[0;39m Exposing 20 endpoint(s) beneath base path '/actuator'
[2m2021-02-23 15:47:32.058[0;39m [32m INFO[0;39m [35m16628[0;39m [2m---[0;39m [2m[           main][0;39m [36mo.s.s.c.ThreadPoolTaskScheduler         [0;39m [2m:[0;39m Initializing ExecutorService 'Nacos-Watch-Task-Scheduler'
[2m2021-02-23 15:47:32.099[0;39m [32m INFO[0;39m [35m16628[0;39m [2m---[0;39m [2m[           main][0;39m [36mo.s.s.c.ThreadPoolTaskScheduler         [0;39m [2m:[0;39m Initializing ExecutorService
[2m2021-02-23 15:47:32.420[0;39m [32m INFO[0;39m [35m16628[0;39m [2m---[0;39m [2m[           main][0;39m [36mo.s.b.web.embedded.netty.NettyWebServer [0;39m [2m:[0;39m Netty started on port(s): 7013
[2m2021-02-23 15:47:32.567[0;39m [32m INFO[0;39m [35m16628[0;39m [2m---[0;39m [2m[           main][0;39m [36mc.a.c.n.registry.NacosServiceRegistry   [0;39m [2m:[0;39m nacos registry, DEFAULT_GROUP api-gateway 172.26.104.107:7013 register finished
[2m2021-02-23 15:47:32.579[0;39m [32m INFO[0;39m [35m16628[0;39m [2m---[0;39m [2m[           main][0;39m [36mc.k.apigateway.ApiGatewayApplication    [0;39m [2m:[0;39m Started ApiGatewayApplication in 2.431 seconds (JVM running for 2.947)
[2m2021-02-23 15:47:32.724[0;39m [32m INFO[0;39m [35m16628[0;39m [2m---[0;39m [2m[gistrationTask1][0;39m [36md.c.b.a.c.r.ApplicationRegistrator      [0;39m [2m:[0;39m Application registered itself as e941f713cd68
